# JRE version: OpenJDK Runtime Environment (7.0_95) (build 1.7.0_95-b00)
# Java VM: OpenJDK 64-Bit Server VM (24.95-b01 mixed mode linux-amd64 compressed oops)
Heap
 PSYoungGen      total 127488K, used 32K [0x00000000ebc00000, 0x00000000f3900000, 0x0000000100000000)
  eden space 126976K, 0% used [0x00000000ebc00000,0x00000000ebc00000,0x00000000f3800000)
  from space 512K, 6% used [0x00000000f3800000,0x00000000f3808000,0x00000000f3880000)
  to   space 512K, 0% used [0x00000000f3880000,0x00000000f3880000,0x00000000f3900000)
 ParOldGen       total 41472K, used 240K [0x00000000c3400000, 0x00000000c5c80000, 0x00000000ebc00000)
  object space 41472K, 0% used [0x00000000c3400000,0x00000000c343c050,0x00000000c5c80000)
 PSPermGen       total 21504K, used 2783K [0x00000000b8e00000, 0x00000000ba300000, 0x00000000c3400000)
  object space 21504K, 12% used [0x00000000b8e00000,0x00000000b90b7ee0,0x00000000ba300000)
GC Heap History (10 events):
Event: 0.948 GC heap after
Heap after GC invocations=4 (full 0):
 PSYoungGen      total 34304K, used 288K [0x00000000ebc00000, 0x00000000ee000000, 0x0000000100000000)
  eden space 31744K, 0% used [0x00000000ebc00000,0x00000000ebc00000,0x00000000edb00000)
  from space 2560K, 11% used [0x00000000edd80000,0x00000000eddc8000,0x00000000ee000000)
  to   space 2560K, 0% used [0x00000000edb00000,0x00000000edb00000,0x00000000edd80000)
 ParOldGen       total 41472K, used 0K [0x00000000c3400000, 0x00000000c5c80000, 0x00000000ebc00000)
  object space 41472K, 0% used [0x00000000c3400000,0x00000000c3400000,0x00000000c5c80000)
 PSPermGen       total 21504K, used 2783K [0x00000000b8e00000, 0x00000000ba300000, 0x00000000c3400000)
  object space 21504K, 12% used [0x00000000b8e00000,0x00000000b90b7ee0,0x00000000ba300000)
}
Event: 1.019 GC heap before
{Heap before GC invocations=5 (full 0):
 PSYoungGen      total 34304K, used 32032K [0x00000000ebc00000, 0x00000000ee000000, 0x0000000100000000)
  eden space 31744K, 100% used [0x00000000ebc00000,0x00000000edb00000,0x00000000edb00000)
  from space 2560K, 11% used [0x00000000edd80000,0x00000000eddc8000,0x00000000ee000000)
  to   space 2560K, 0% used [0x00000000edb00000,0x00000000edb00000,0x00000000edd80000)
 ParOldGen       total 41472K, used 0K [0x00000000c3400000, 0x00000000c5c80000, 0x00000000ebc00000)
  object space 41472K, 0% used [0x00000000c3400000,0x00000000c3400000,0x00000000c5c80000)
 PSPermGen       total 21504K, used 2783K [0x00000000b8e00000, 0x00000000ba300000, 0x00000000c3400000)
  object space 21504K, 12% used [0x00000000b8e00000,0x00000000b90b7ee0,0x00000000ba300000)
Event: 1.026 GC heap after
Heap after GC invocations=5 (full 0):
 PSYoungGen      total 34304K, used 288K [0x00000000ebc00000, 0x00000000efb00000, 0x0000000100000000)
  eden space 31744K, 0% used [0x00000000ebc00000,0x00000000ebc00000,0x00000000edb00000)
  from space 2560K, 11% used [0x00000000edb00000,0x00000000edb48000,0x00000000edd80000)
  to   space 512K, 0% used [0x00000000efa80000,0x00000000efa80000,0x00000000efb00000)
 ParOldGen       total 41472K, used 0K [0x00000000c3400000, 0x00000000c5c80000, 0x00000000ebc00000)
  object space 41472K, 0% used [0x00000000c3400000,0x00000000c3400000,0x00000000c5c80000)
 PSPermGen       total 21504K, used 2783K [0x00000000b8e00000, 0x00000000ba300000, 0x00000000c3400000)
  object space 21504K, 12% used [0x00000000b8e00000,0x00000000b90b7ee0,0x00000000ba300000)
}
Event: 1.127 GC heap before
{Heap before GC invocations=6 (full 0):
 PSYoungGen      total 34304K, used 32032K [0x00000000ebc00000, 0x00000000efb00000, 0x0000000100000000)
  eden space 31744K, 100% used [0x00000000ebc00000,0x00000000edb00000,0x00000000edb00000)
  from space 2560K, 11% used [0x00000000edb00000,0x00000000edb48000,0x00000000edd80000)
  to   space 512K, 0% used [0x00000000efa80000,0x00000000efa80000,0x00000000efb00000)
 ParOldGen       total 41472K, used 0K [0x00000000c3400000, 0x00000000c5c80000, 0x00000000ebc00000)
  object space 41472K, 0% used [0x00000000c3400000,0x00000000c3400000,0x00000000c5c80000)
 PSPermGen       total 21504K, used 2783K [0x00000000b8e00000, 0x00000000ba300000, 0x00000000c3400000)
  object space 21504K, 12% used [0x00000000b8e00000,0x00000000b90b7ee0,0x00000000ba300000)
Event: 1.131 GC heap after
Heap after GC invocations=6 (full 0):
 PSYoungGen      total 64000K, used 320K [0x00000000ebc00000, 0x00000000efb00000, 0x0000000100000000)
  eden space 63488K, 0% used [0x00000000ebc00000,0x00000000ebc00000,0x00000000efa00000)
  from space 512K, 62% used [0x00000000efa80000,0x00000000efad0000,0x00000000efb00000)
  to   space 512K, 0% used [0x00000000efa00000,0x00000000efa00000,0x00000000efa80000)
 ParOldGen       total 41472K, used 0K [0x00000000c3400000, 0x00000000c5c80000, 0x00000000ebc00000)
  object space 41472K, 0% used [0x00000000c3400000,0x00000000c3400000,0x00000000c5c80000)
 PSPermGen       total 21504K, used 2783K [0x00000000b8e00000, 0x00000000ba300000, 0x00000000c3400000)
  object space 21504K, 12% used [0x00000000b8e00000,0x00000000b90b7ee0,0x00000000ba300000)
}
Event: 1.282 GC heap before
{Heap before GC invocations=7 (full 0):
 PSYoungGen      total 64000K, used 63808K [0x00000000ebc00000, 0x00000000efb00000, 0x0000000100000000)
  eden space 63488K, 100% used [0x00000000ebc00000,0x00000000efa00000,0x00000000efa00000)
  from space 512K, 62% used [0x00000000efa80000,0x00000000efad0000,0x00000000efb00000)
  to   space 512K, 0% used [0x00000000efa00000,0x00000000efa00000,0x00000000efa80000)
 ParOldGen       total 41472K, used 0K [0x00000000c3400000, 0x00000000c5c80000, 0x00000000ebc00000)
  object space 41472K, 0% used [0x00000000c3400000,0x00000000c3400000,0x00000000c5c80000)
 PSPermGen       total 21504K, used 2783K [0x00000000b8e00000, 0x00000000ba300000, 0x00000000c3400000)
  object space 21504K, 12% used [0x00000000b8e00000,0x00000000b90b7ee0,0x00000000ba300000)
Event: 1.287 GC heap after
Heap after GC invocations=7 (full 0):
 PSYoungGen      total 64000K, used 64K [0x00000000ebc00000, 0x00000000f3900000, 0x0000000100000000)
  eden space 63488K, 0% used [0x00000000ebc00000,0x00000000ebc00000,0x00000000efa00000)
  from space 512K, 12% used [0x00000000efa00000,0x00000000efa10000,0x00000000efa80000)
  to   space 512K, 0% used [0x00000000f3880000,0x00000000f3880000,0x00000000f3900000)
 ParOldGen       total 41472K, used 232K [0x00000000c3400000, 0x00000000c5c80000, 0x00000000ebc00000)
  object space 41472K, 0% used [0x00000000c3400000,0x00000000c343a050,0x00000000c5c80000)
 PSPermGen       total 21504K, used 2783K [0x00000000b8e00000, 0x00000000ba300000, 0x00000000c3400000)
  object space 21504K, 12% used [0x00000000b8e00000,0x00000000b90b7ee0,0x00000000ba300000)
}
Event: 1.533 GC heap before
{Heap before GC invocations=8 (full 0):
 PSYoungGen      total 64000K, used 63552K [0x00000000ebc00000, 0x00000000f3900000, 0x0000000100000000)
  eden space 63488K, 100% used [0x00000000ebc00000,0x00000000efa00000,0x00000000efa00000)
  from space 512K, 12% used [0x00000000efa00000,0x00000000efa10000,0x00000000efa80000)
  to   space 512K, 0% used [0x00000000f3880000,0x00000000f3880000,0x00000000f3900000)
 ParOldGen       total 41472K, used 232K [0x00000000c3400000, 0x00000000c5c80000, 0x00000000ebc00000)
  object space 41472K, 0% used [0x00000000c3400000,0x00000000c343a050,0x00000000c5c80000)
 PSPermGen       total 21504K, used 2783K [0x00000000b8e00000, 0x00000000ba300000, 0x00000000c3400000)
  object space 21504K, 12% used [0x00000000b8e00000,0x00000000b90b7ee0,0x00000000ba300000)
Event: 1.534 GC heap after
Heap after GC invocations=8 (full 0):
 PSYoungGen      total 127488K, used 54K [0x00000000ebc00000, 0x00000000f3900000, 0x0000000100000000)
  eden space 126976K, 0% used [0x00000000ebc00000,0x00000000ebc00000,0x00000000f3800000)
  from space 512K, 10% used [0x00000000f3880000,0x00000000f388d878,0x00000000f3900000)
  to   space 512K, 0% used [0x00000000f3800000,0x00000000f3800000,0x00000000f3880000)
 ParOldGen       total 41472K, used 240K [0x00000000c3400000, 0x00000000c5c80000, 0x00000000ebc00000)
  object space 41472K, 0% used [0x00000000c3400000,0x00000000c343c050,0x00000000c5c80000)
 PSPermGen       total 21504K, used 2783K [0x00000000b8e00000, 0x00000000ba300000, 0x00000000c3400000)
  object space 21504K, 12% used [0x00000000b8e00000,0x00000000b90b7ee0,0x00000000ba300000)
}
Event: 2.084 GC heap before
{Heap before GC invocations=9 (full 0):
 PSYoungGen      total 127488K, used 127030K [0x00000000ebc00000, 0x00000000f3900000, 0x0000000100000000)
  eden space 126976K, 100% used [0x00000000ebc00000,0x00000000f3800000,0x00000000f3800000)
  from space 512K, 10% used [0x00000000f3880000,0x00000000f388d878,0x00000000f3900000)
  to   space 512K, 0% used [0x00000000f3800000,0x00000000f3800000,0x00000000f3880000)
 ParOldGen       total 41472K, used 240K [0x00000000c3400000, 0x00000000c5c80000, 0x00000000ebc00000)
  object space 41472K, 0% used [0x00000000c3400000,0x00000000c343c050,0x00000000c5c80000)
 PSPermGen       total 21504K, used 2783K [0x00000000b8e00000, 0x00000000ba300000, 0x00000000c3400000)
  object space 21504K, 12% used [0x00000000b8e00000,0x00000000b90b7ee0,0x00000000ba300000)

